yarn run v1.22.22
$ vite build
[36mvite v7.2.4 [32mbuilding ssr environment for production...[36m[39m
transforming...
12.55.00 [vite-plugin-svelte] src/routes/push-notification/+page.svelte:338:18 Buttons and links should either contain text or have an `aria-label`, `aria-labelledby` or `title` attribute
https://svelte.dev/e/a11y_consider_explicit_label
336:                     New Message
337:                   </h3>
338:                   <button
                               ^
339:                     onclick={() => (message = null)}
340:                     class="text-slate-400 hover:text-white transition-colors"
[32m✓[39m 196 modules transformed.
rendering chunks...
[36mvite v7.2.4 [32mbuilding client environment for production...[36m[39m
transforming...
12.55.02 [vite-plugin-svelte] src/routes/push-notification/+page.svelte:338:18 Buttons and links should either contain text or have an `aria-label`, `aria-labelledby` or `title` attribute
https://svelte.dev/e/a11y_consider_explicit_label
336:                     New Message
337:                   </h3>
338:                   <button
                               ^
339:                     onclick={() => (message = null)}
340:                     class="text-slate-400 hover:text-white transition-colors"
[32m✓[39m 192 modules transformed.
rendering chunks...
computing gzip size...
[2m.svelte-kit/output/client/[22m[32m_app/version.json                       [39m[1m[2m  0.03 kB[22m[1m[22m[2m │ gzip:  0.05 kB[22m
[2m.svelte-kit/output/client/[22m[32mmanifest.webmanifest                    [39m[1m[2m  0.41 kB[22m[1m[22m
[2m.svelte-kit/output/client/[22m[32m.vite/manifest.json                     [39m[1m[2m  5.98 kB[22m[1m[22m[2m │ gzip:  0.99 kB[22m
[2m.svelte-kit/output/client/[22m[35m_app/immutable/assets/4.De-n6763.css    [39m[1m[2m  0.21 kB[22m[1m[22m[2m │ gzip:  0.15 kB[22m
[2m.svelte-kit/output/client/[22m[35m_app/immutable/assets/0.B63uZIEu.css    [39m[1m[2m 23.66 kB[22m[1m[22m[2m │ gzip:  4.53 kB[22m
[2m.svelte-kit/output/client/[22m[36m_app/immutable/chunks/oblfbx-o.js       [39m[1m[2m  0.04 kB[22m[1m[22m[2m │ gzip:  0.06 kB[22m
[2m.svelte-kit/output/client/[22m[36m_app/immutable/entry/start.BFCnEgTW.js  [39m[1m[2m  0.08 kB[22m[1m[22m[2m │ gzip:  0.09 kB[22m
[2m.svelte-kit/output/client/[22m[36m_app/immutable/chunks/JEiBvHUx.js       [39m[1m[2m  0.30 kB[22m[1m[22m[2m │ gzip:  0.22 kB[22m
[2m.svelte-kit/output/client/[22m[36m_app/immutable/chunks/CaUF_nuI.js       [39m[1m[2m  0.32 kB[22m[1m[22m[2m │ gzip:  0.25 kB[22m
[2m.svelte-kit/output/client/[22m[36m_app/immutable/chunks/DMmUBNOE.js       [39m[1m[2m  0.32 kB[22m[1m[22m[2m │ gzip:  0.24 kB[22m
[2m.svelte-kit/output/client/[22m[36m_app/immutable/chunks/DLvXDMsh.js       [39m[1m[2m  0.51 kB[22m[1m[22m[2m │ gzip:  0.33 kB[22m
[2m.svelte-kit/output/client/[22m[36m_app/immutable/nodes/1.DHUSOYHA.js      [39m[1m[2m  0.59 kB[22m[1m[22m[2m │ gzip:  0.36 kB[22m
[2m.svelte-kit/output/client/[22m[36m_app/immutable/chunks/DiJItjU6.js       [39m[1m[2m  0.63 kB[22m[1m[22m[2m │ gzip:  0.39 kB[22m
[2m.svelte-kit/output/client/[22m[36m_app/immutable/chunks/C1DaE_bh.js       [39m[1m[2m  0.89 kB[22m[1m[22m[2m │ gzip:  0.53 kB[22m
[2m.svelte-kit/output/client/[22m[36m_app/immutable/chunks/qKnz7Wmd.js       [39m[1m[2m  1.40 kB[22m[1m[22m[2m │ gzip:  0.74 kB[22m
[2m.svelte-kit/output/client/[22m[36m_app/immutable/chunks/CW99NSY9.js       [39m[1m[2m  1.83 kB[22m[1m[22m[2m │ gzip:  0.84 kB[22m
[2m.svelte-kit/output/client/[22m[36m_app/immutable/chunks/4HBkUUCA.js       [39m[1m[2m  1.85 kB[22m[1m[22m[2m │ gzip:  1.03 kB[22m
[2m.svelte-kit/output/client/[22m[36m_app/immutable/chunks/Bh_jgzcY.js       [39m[1m[2m  2.61 kB[22m[1m[22m[2m │ gzip:  1.35 kB[22m
[2m.svelte-kit/output/client/[22m[36m_app/immutable/nodes/2.D5WfregL.js      [39m[1m[2m  2.89 kB[22m[1m[22m[2m │ gzip:  1.20 kB[22m
[2m.svelte-kit/output/client/[22m[36m_app/immutable/chunks/D79IsLbl.js       [39m[1m[2m  4.55 kB[22m[1m[22m[2m │ gzip:  2.05 kB[22m
[2m.svelte-kit/output/client/[22m[36m_app/immutable/entry/app.ChibBjyW.js    [39m[1m[2m  5.63 kB[22m[1m[22m[2m │ gzip:  2.54 kB[22m
[2m.svelte-kit/output/client/[22m[36m_app/immutable/nodes/3.DPY6hc30.js      [39m[1m[2m  5.65 kB[22m[1m[22m[2m │ gzip:  1.94 kB[22m
[2m.svelte-kit/output/client/[22m[36m_app/immutable/chunks/BIl4cyR9.js       [39m[1m[2m  5.76 kB[22m[1m[22m[2m │ gzip:  2.37 kB[22m
[2m.svelte-kit/output/client/[22m[36m_app/immutable/nodes/0.DjQ_iqJ7.js      [39m[1m[2m  7.98 kB[22m[1m[22m[2m │ gzip:  3.00 kB[22m
[2m.svelte-kit/output/client/[22m[36m_app/immutable/chunks/BRnul14X.js       [39m[1m[2m 22.17 kB[22m[1m[22m[2m │ gzip:  8.64 kB[22m
[2m.svelte-kit/output/client/[22m[36m_app/immutable/chunks/D0EzZDf3.js       [39m[1m[2m 25.75 kB[22m[1m[22m[2m │ gzip: 10.12 kB[22m
[2m.svelte-kit/output/client/[22m[36m_app/immutable/chunks/Cb8dnxpL.js       [39m[1m[2m104.35 kB[22m[1m[22m[2m │ gzip: 30.88 kB[22m
[2m.svelte-kit/output/client/[22m[36m_app/immutable/nodes/4.XmHZnwwW.js      [39m[1m[2m178.88 kB[22m[1m[22m[2m │ gzip: 56.09 kB[22m
[32m✓ built in 1.11s[39m

PWA v1.1.0
Building src/sw.js service worker ("es" format)...
[36mvite v7.2.4 [32mbuilding client environment for production...[36m[39m
transforming...
[32m✓[39m 76 modules transformed.
rendering chunks...
computing gzip size...
[2m.svelte-kit/output/client/[22m[36msw.mjs  [39m[1m[2m61.42 kB[22m[1m[22m[2m │ gzip: 19.29 kB[22m
[32m✓ built in 206ms[39m

PWA v1.1.0
mode      injectManifest
format:   es
precache  30 entries (390.60 KiB)
files generated
  .svelte-kit/output/client/sw.js
[2m.svelte-kit/output/server/[22m[32mmanifest.webmanifest                             [39m[1m[2m  0.40 kB[22m[1m[22m
[2m.svelte-kit/output/server/[22m[32m.vite/manifest.json                              [39m[1m[2m  4.57 kB[22m[1m[22m
[2m.svelte-kit/output/server/[22m[35m_app/immutable/assets/_page.De-n6763.css         [39m[1m[2m  0.21 kB[22m[1m[22m
[2m.svelte-kit/output/server/[22m[35m_app/immutable/assets/_layout.DOiDT4z1.css       [39m[1m[2m 22.58 kB[22m[1m[22m
[2m.svelte-kit/output/server/[22m[36mentries/pages/_layout.js                         [39m[1m[2m  0.05 kB[22m[1m[22m
[2m.svelte-kit/output/server/[22m[36mchunks/false.js                                  [39m[1m[2m  0.05 kB[22m[1m[22m
[2m.svelte-kit/output/server/[22m[36minternal.js                                      [39m[1m[2m  0.33 kB[22m[1m[22m
[2m.svelte-kit/output/server/[22m[36mchunks/state.svelte.js                           [39m[1m[2m  0.39 kB[22m[1m[22m
[2m.svelte-kit/output/server/[22m[36mchunks/escaping.js                               [39m[1m[2m  0.53 kB[22m[1m[22m
[2m.svelte-kit/output/server/[22m[36mchunks/environment.js                            [39m[1m[2m  0.62 kB[22m[1m[22m
[2m.svelte-kit/output/server/[22m[36mentries/endpoints/api/subscribe/_server.js       [39m[1m[2m  0.69 kB[22m[1m[22m
[2m.svelte-kit/output/server/[22m[36mentries/endpoints/api/send-push/_server.js       [39m[1m[2m  0.95 kB[22m[1m[22m
[2m.svelte-kit/output/server/[22m[36mentries/fallbacks/error.svelte.js                [39m[1m[2m  1.14 kB[22m[1m[22m
[2m.svelte-kit/output/server/[22m[36mchunks/utils.js                                  [39m[1m[2m  1.15 kB[22m[1m[22m
[2m.svelte-kit/output/server/[22m[36mchunks/index.js                                  [39m[1m[2m  1.43 kB[22m[1m[22m
[2m.svelte-kit/output/server/[22m[36mchunks/context.js                                [39m[1m[2m  2.40 kB[22m[1m[22m
[2m.svelte-kit/output/server/[22m[36mentries/pages/_page.svelte.js                    [39m[1m[2m  2.40 kB[22m[1m[22m
[2m.svelte-kit/output/server/[22m[36mchunks/firebase.js                               [39m[1m[2m  3.07 kB[22m[1m[22m
[2m.svelte-kit/output/server/[22m[36mentries/pages/demo/_page.svelte.js               [39m[1m[2m  4.43 kB[22m[1m[22m
[2m.svelte-kit/output/server/[22m[36mentries/pages/push-notification/_page.svelte.js  [39m[1m[2m  5.03 kB[22m[1m[22m
[2m.svelte-kit/output/server/[22m[36mchunks/exports.js                                [39m[1m[2m  5.52 kB[22m[1m[22m
[2m.svelte-kit/output/server/[22m[36mentries/pages/_layout.svelte.js                  [39m[1m[2m  6.07 kB[22m[1m[22m
[2m.svelte-kit/output/server/[22m[36mchunks/shared.js                                 [39m[1m[2m 17.66 kB[22m[1m[22m
[2m.svelte-kit/output/server/[22m[36mremote-entry.js                                  [39m[1m[2m 18.87 kB[22m[1m[22m
[2m.svelte-kit/output/server/[22m[36mchunks/internal.js                               [39m[1m[2m 28.32 kB[22m[1m[22m
[2m.svelte-kit/output/server/[22m[36mchunks/index2.js                                 [39m[1m[2m 74.60 kB[22m[1m[22m
[2m.svelte-kit/output/server/[22m[36mindex.js                                         [39m[1m[2m126.24 kB[22m[1m[22m
[32m✓ built in 3.98s[39m

Run npm run preview to preview your production build locally.

> Using @sveltejs/adapter-static
  @sveltejs/adapter-static: all routes must be fully prerenderable, but found the following routes that are dynamic:
    - src\routes/api/send-push
    - src\routes/api/subscribe
  
  You have the following options:
    - set the `fallback` option — see https://svelte.dev/docs/kit/single-page-apps#usage for more info.
    - add `export const prerender = true` to your root `+layout.js/.ts` or `+layout.server.js/.ts` file. This will try to prerender all pages.
    - add `export const prerender = true` to any `+server.js/ts` files that are not fetched by page `load` functions.
  
    - pass `strict: false` to `adapter-static` to ignore this error. Only do this if you are sure you don't need the routes in question in your final app, as they will be unavailable. See https://github.com/sveltejs/kit/tree/main/packages/adapter-static#strict for more info.
  
  If this doesn't help, you may need to use a different adapter. @sveltejs/adapter-static can only be used for sites that don't need a server for dynamic rendering, and can run on just a static file server.
  See https://svelte.dev/docs/kit/page-options#prerender for more details
[31merror during build:
Error: Encountered dynamic routes
    at adapt (file:///E:/javascript/pwa-demo/node_modules/@sveltejs/adapter-static/index.js:38:12)
    at adapt (file:///E:/javascript/pwa-demo/node_modules/@sveltejs/kit/src/core/adapt/index.js:41:8)
    at finalise (file:///E:/javascript/pwa-demo/node_modules/@sveltejs/kit/src/exports/vite/index.js:1326:13)
    at async Object.handler (file:///E:/javascript/pwa-demo/node_modules/@sveltejs/kit/src/exports/vite/index.js:1357:5)
    at async PluginDriver.hookParallel (file:///E:/javascript/pwa-demo/node_modules/vite/node_modules/rollup/dist/es/shared/node-entry.js:22355:17)
    at async Object.close (file:///E:/javascript/pwa-demo/node_modules/vite/node_modules/rollup/dist/es/shared/node-entry.js:23374:13)
    at async buildEnvironment (file:///E:/javascript/pwa-demo/node_modules/vite/dist/node/chunks/config.js:34203:15)
    at async Object.build (file:///E:/javascript/pwa-demo/node_modules/vite/dist/node/chunks/config.js:34548:19)
    at async Object.buildApp (file:///E:/javascript/pwa-demo/node_modules/vite/dist/node/chunks/config.js:34545:153)
    at async CAC.<anonymous> (file:///E:/javascript/pwa-demo/node_modules/vite/dist/node/cli.js:629:3)[39m
error Command failed with exit code 1.
info Visit https://yarnpkg.com/en/docs/cli/run for documentation about this command.
